2023-02-22 14:36:40.184  INFO 15308 --- [main] com.asqii.mcda.SaisieApplication         : Starting SaisieApplication using Java 17.0.5 on DESKTOP-D99D5O1 with PID 15308 (C:\Users\USER\Desktop\Temp\back\target\classes started by USER in C:\Users\USER\Desktop\Temp)
2023-02-22 14:36:40.204  INFO 15308 --- [main] com.asqii.mcda.SaisieApplication         : No active profile set, falling back to 1 default profile: "default"
2023-02-22 14:36:48.832  INFO 15308 --- [main] .s.d.r.c.RepositoryConfigurationDelegate : Bootstrapping Spring Data JPA repositories in DEFAULT mode.
2023-02-22 14:36:49.344  INFO 15308 --- [main] .s.d.r.c.RepositoryConfigurationDelegate : Finished Spring Data repository scanning in 452 ms. Found 5 JPA repository interfaces.
2023-02-22 14:36:53.941  INFO 15308 --- [main] o.s.b.w.embedded.tomcat.TomcatWebServer  : Tomcat initialized with port(s): 8081 (http)
2023-02-22 14:36:53.996  INFO 15308 --- [main] o.apache.catalina.core.StandardService   : Starting service [Tomcat]
2023-02-22 14:36:53.997  INFO 15308 --- [main] org.apache.catalina.core.StandardEngine  : Starting Servlet engine: [Apache Tomcat/9.0.71]
2023-02-22 14:36:54.347  INFO 15308 --- [main] o.a.c.c.C.[Tomcat].[localhost].[/]       : Initializing Spring embedded WebApplicationContext
2023-02-22 14:36:54.347  INFO 15308 --- [main] w.s.c.ServletWebServerApplicationContext : Root WebApplicationContext: initialization completed in 13578 ms
2023-02-22 14:36:55.801  INFO 15308 --- [main] com.zaxxer.hikari.HikariDataSource       : HikariPool-1 - Starting...
2023-02-22 14:36:56.467  INFO 15308 --- [main] com.zaxxer.hikari.HikariDataSource       : HikariPool-1 - Start completed.
2023-02-22 14:36:56.771  INFO 15308 --- [main] o.hibernate.jpa.internal.util.LogHelper  : HHH000204: Processing PersistenceUnitInfo [name: default]
2023-02-22 14:36:56.996  INFO 15308 --- [main] org.hibernate.Version                    : HHH000412: Hibernate ORM core version 5.6.14.Final
2023-02-22 14:36:57.857  INFO 15308 --- [main] o.hibernate.annotations.common.Version   : HCANN000001: Hibernate Commons Annotations {5.1.2.Final}
2023-02-22 14:36:58.332  INFO 15308 --- [main] org.hibernate.dialect.Dialect            : HHH000400: Using dialect: org.hibernate.dialect.MySQL5InnoDBDialect
2023-02-22 14:37:02.721  INFO 15308 --- [main] o.h.e.t.j.p.i.JtaPlatformInitiator       : HHH000490: Using JtaPlatform implementation: [org.hibernate.engine.transaction.jta.platform.internal.NoJtaPlatform]
2023-02-22 14:37:02.943  INFO 15308 --- [main] j.LocalContainerEntityManagerFactoryBean : Initialized JPA EntityManagerFactory for persistence unit 'default'
2023-02-22 14:37:06.601  WARN 15308 --- [main] JpaBaseConfiguration$JpaWebConfiguration : spring.jpa.open-in-view is enabled by default. Therefore, database queries may be performed during view rendering. Explicitly configure spring.jpa.open-in-view to disable this warning
2023-02-22 14:37:08.565  INFO 15308 --- [main] o.s.b.a.e.web.EndpointLinksResolver      : Exposing 1 endpoint(s) beneath base path '/actuator'
2023-02-22 14:37:08.808  INFO 15308 --- [main] o.s.b.w.embedded.tomcat.TomcatWebServer  : Tomcat started on port(s): 8081 (http) with context path ''
2023-02-22 14:37:08.871  INFO 15308 --- [main] com.asqii.mcda.SaisieApplication         : Started SaisieApplication in 30.722 seconds (JVM running for 33.001)
2023-02-22 14:37:09.129  INFO 15308 --- [http-nio-8081-exec-1] o.a.c.c.C.[Tomcat].[localhost].[/]       : Initializing Spring DispatcherServlet 'dispatcherServlet'
2023-02-22 14:37:09.147  INFO 15308 --- [http-nio-8081-exec-1] o.s.web.servlet.DispatcherServlet        : Initializing Servlet 'dispatcherServlet'
2023-02-22 14:37:09.171  INFO 15308 --- [http-nio-8081-exec-1] o.s.web.servlet.DispatcherServlet        : Completed initialization in 22 ms
2023-02-22 16:00:28.326  INFO 5612 --- [main] com.asqii.mcda.SaisieApplication         : Starting SaisieApplication using Java 17.0.5 on DESKTOP-D99D5O1 with PID 5612 (C:\Users\USER\Desktop\Temp\back\target\classes started by USER in C:\Users\USER\Desktop\Temp)
2023-02-22 16:00:28.332  INFO 5612 --- [main] com.asqii.mcda.SaisieApplication         : No active profile set, falling back to 1 default profile: "default"
2023-02-22 16:00:30.699  INFO 5612 --- [main] .s.d.r.c.RepositoryConfigurationDelegate : Bootstrapping Spring Data JPA repositories in DEFAULT mode.
2023-02-22 16:00:30.912  INFO 5612 --- [main] .s.d.r.c.RepositoryConfigurationDelegate : Finished Spring Data repository scanning in 169 ms. Found 5 JPA repository interfaces.
2023-02-22 16:00:32.473  INFO 5612 --- [main] o.s.b.w.embedded.tomcat.TomcatWebServer  : Tomcat initialized with port(s): 8081 (http)
2023-02-22 16:00:32.493  INFO 5612 --- [main] o.apache.catalina.core.StandardService   : Starting service [Tomcat]
2023-02-22 16:00:32.494  INFO 5612 --- [main] org.apache.catalina.core.StandardEngine  : Starting Servlet engine: [Apache Tomcat/9.0.71]
2023-02-22 16:00:32.794  INFO 5612 --- [main] o.a.c.c.C.[Tomcat].[localhost].[/]       : Initializing Spring embedded WebApplicationContext
2023-02-22 16:00:32.886  INFO 5612 --- [main] w.s.c.ServletWebServerApplicationContext : Root WebApplicationContext: initialization completed in 4438 ms
2023-02-22 16:00:33.541  INFO 5612 --- [main] com.zaxxer.hikari.HikariDataSource       : HikariPool-1 - Starting...
2023-02-22 16:00:33.872  INFO 5612 --- [main] com.zaxxer.hikari.HikariDataSource       : HikariPool-1 - Start completed.
2023-02-22 16:00:33.980  INFO 5612 --- [main] o.hibernate.jpa.internal.util.LogHelper  : HHH000204: Processing PersistenceUnitInfo [name: default]
2023-02-22 16:00:34.146  INFO 5612 --- [main] org.hibernate.Version                    : HHH000412: Hibernate ORM core version 5.6.14.Final
2023-02-22 16:00:34.584  INFO 5612 --- [main] o.hibernate.annotations.common.Version   : HCANN000001: Hibernate Commons Annotations {5.1.2.Final}
2023-02-22 16:00:34.971  INFO 5612 --- [main] org.hibernate.dialect.Dialect            : HHH000400: Using dialect: org.hibernate.dialect.MySQL5InnoDBDialect
2023-02-22 16:00:36.771  INFO 5612 --- [main] o.h.e.t.j.p.i.JtaPlatformInitiator       : HHH000490: Using JtaPlatform implementation: [org.hibernate.engine.transaction.jta.platform.internal.NoJtaPlatform]
2023-02-22 16:00:36.817  INFO 5612 --- [main] j.LocalContainerEntityManagerFactoryBean : Initialized JPA EntityManagerFactory for persistence unit 'default'
2023-02-22 16:00:38.041  WARN 5612 --- [main] JpaBaseConfiguration$JpaWebConfiguration : spring.jpa.open-in-view is enabled by default. Therefore, database queries may be performed during view rendering. Explicitly configure spring.jpa.open-in-view to disable this warning
2023-02-22 16:00:39.319  INFO 5612 --- [main] o.s.b.a.e.web.EndpointLinksResolver      : Exposing 1 endpoint(s) beneath base path '/actuator'
2023-02-22 16:00:39.444  INFO 5612 --- [main] o.s.b.w.embedded.tomcat.TomcatWebServer  : Tomcat started on port(s): 8081 (http) with context path ''
2023-02-22 16:00:39.490  INFO 5612 --- [main] com.asqii.mcda.SaisieApplication         : Started SaisieApplication in 12.052 seconds (JVM running for 12.677)
2023-02-22 16:04:26.807  INFO 5612 --- [http-nio-8081-exec-1] o.a.c.c.C.[Tomcat].[localhost].[/]       : Initializing Spring DispatcherServlet 'dispatcherServlet'
2023-02-22 16:04:26.811  INFO 5612 --- [http-nio-8081-exec-1] o.s.web.servlet.DispatcherServlet        : Initializing Servlet 'dispatcherServlet'
2023-02-22 16:04:26.822  INFO 5612 --- [http-nio-8081-exec-1] o.s.web.servlet.DispatcherServlet        : Completed initialization in 6 ms
2023-02-22 18:23:14.106  WARN 5612 --- [HikariPool-1 housekeeper] com.zaxxer.hikari.pool.HikariPool        : HikariPool-1 - Thread starvation or clock leap detected (housekeeper delta=41m38s385ms151µs800ns).
